NCDC_10001176, WBAN_23167, COOP_43257, FAA_FNO, NWS_FNO, COOP_43252, FAA_FCH, NWS_FCH <=> NCDC_10001177, WBAN_23106, WBAN_93193
NCDC_10000001, COOP_356032, WBAN_24285, FAA_ONP, NWS_ONP, ICAO_KONP <=> NCDC_10500006, WBAN_24272
NCDC_10001150, FAA_EKA <=> NCDC_10500023, COOP_42910, WBAN_24213
NCDC_10013238, WBAN_24215, COOP_45988 <=> NCDC_10100107, COOP_45983, NWS_MHSC1, NCDC_10500026
NCDC_10500056, WBAN_93077, FAA_E23 <=> NCDC_10500057, COOP_298668
NCDC_10001749, WBAN_3016, FAA_RIL, ICAO_KRIL <=> NCDC_10500079, WBAN_23069, COOP_57031
NCDC_10005486, WBAN_94850, COOP_205184, FAA_MQT, NWS_MQT, WMO_72743, ICAO_KMQT, NCDC_10013265 <=> NCDC_10500080, WBAN_14838
NCDC_20000042, WBAN_93843, FAA_DHN, NWS_DHN, COOP_12372 <=> NCDC_20000051, WBAN_13839
NCDC_20000959, WBAN_23168, COOP_23398, FAA_GBN, NWS_GBN <=> NCDC_20000964, WBAN_3148
NCDC_10500021, WMO_72292, FAA_L27 <=> NCDC_20001466, WBAN_3177
NCDC_10500021, WMO_72292, FAA_L27, NCDC_20001466, WBAN_3177, FAA_CRQ, ICAO_KCRQ <=> NCDC_20001512
NCDC_20001564, WMO_72298, FAA_L82, NCDC_20001585, FAA_NMQ <=> NCDC_20001672, COOP_40188, WBAN_93125
NCDC_20001783, COOP_46006, FAA_MWS, NWS_MWS, ICAO_KMWS, NWS_MWSC1 <=> NCDC_20001784, WBAN_93136, COOP_46003
NCDC_20002069, WBAN_23231, COOP_46742 <=> NCDC_20002078, WBAN_93209, FAA_PRB, NWS_PRB
NCDC_20002054, WBAN_23282, FAA_PPD <=> NCDC_20002082, WBAN_23267, COOP_47024
NCDC_20003224, COOP_45785 <=> NCDC_20003232, WBAN_24259, FAA_SIY, NWS_SIY
NCDC_10013272, COOP_52211, WBAN_3017, FAA_DEN, NWS_DEN, ICAO_KDEN, WMO_72565 <=> NCDC_20003762, WBAN_23062, COOP_52220
NCDC_20004241, FAA_MIA, ICAO_KMIA <=> NCDC_20004250, WBAN_12839, COOP_85663
NCDC_20004357, WBAN_12814, FAA_SRQ <=> NCDC_20004364, WBAN_12871
NCDC_20004333, WMO_72204, FAA_X80 <=> NCDC_20004370
NCDC_20006331, COOP_126020, NWS_MBSI3 <=> NCDC_20006334, WBAN_94895
NCDC_20006752, COOP_135842, NCDC_20006754, NCDC_20007201 <=> NCDC_20006753, COOP_135837, NCDC_20006761
NCDC_20007754, COOP_142827, FAA_FRI, NWS_FRI, NWS_FTRK1, NWS_FRYK1 <=> NCDC_20007755, WBAN_13947
NCDC_20008174, COOP_153223 <=> NCDC_20008184, COOP_154414
NCDC_10500102, COOP_156355, WBAN_53821, FAA_5I3, NWS_5I3, NCDC_10500103 <=> NCDC_20008291, WBAN_93895
NCDC_20008704, COOP_166295, WBAN_12916, COOP_166660, WMO_72231, FAA_MSY, NWS_MSY, ICAO_KMSY, NCDC_20008710, COOP_166661, WBAN_53917 <=> NCDC_20008709, WBAN_13943, FAA_NEW
NCDC_20008976, COOP_165935 <=> NCDC_20008987, COOP_164316
NCDC_20009551, COOP_180465, WBAN_93721, WMO_72406, FAA_BAL, NWS_BAL, FAA_BWI, NWS_BWI, ICAO_KBWI <=> NCDC_20009562, WBAN_3749
NCDC_20009720, WMO_72607, FAA_16B <=> NCDC_20009729, WBAN_94601, FAA_RKD
NCDC_20009720, WMO_72607, FAA_16B, NCDC_20009729, WBAN_94601, FAA_RKD, ICAO_KRKD <=> NCDC_20009759
NCDC_20010003, COOP_200552, NWS_BCKM4 <=> NCDC_20010006, WBAN_14815
NCDC_20010404, WBAN_94853, FAA_ESC, ICAO_KESC <=> NCDC_20010412, WBAN_14824, COOP_202626
NCDC_20010505, COOP_203322, WMO_72737, FAA_27Y, NWS_27Y <=> NCDC_20010507, COOP_208920
NCDC_20010472, COOP_201484, NWS_CEFM4 <=> NCDC_20010576, COOP_201486, FAA_EFM4, NWS_EFM4
NCDC_20010737, COOP_216835 <=> NCDC_20010743, WBAN_14992
NCDC_20011107, WBAN_93868, COOP_220519 <=> NCDC_20011117, COOP_220521
NCDC_20011438, WBAN_93862, COOP_229000, FAA_TUP, NWS_TUP, NCDC_20011443, WBAN_73804 <=> NCDC_20011439, COOP_229003
NCDC_20011411, COOP_220176, NWS_AMYM6 <=> NCDC_20011533, COOP_220173
NCDC_20011841, COOP_236468 <=> NCDC_20012102, COOP_236474
NCDC_20011937, COOP_234158, NWS_IPDM7, NCDC_20011947 <=> NCDC_20011946, COOP_234154
NCDC_20012721, WBAN_24146, COOP_244563, NWS_KLSM8 <=> NCDC_20012742, COOP_244558, FAA_FCA, NWS_FCA
NCDC_20012970, WBAN_24004, FAA_MCK <=> NCDC_20012976, WBAN_94040
NCDC_20013123, WBAN_14904, FAA_LNK <=> NCDC_20013124, WBAN_14939, COOP_254795
NCDC_20013215, COOP_256220, WBAN_14983, WMO_72553 <=> NCDC_20013236, WBAN_94918, COOP_256260, FAA_3NO, NWS_3NO, FAA_OVN, NWS_OVN
NCDC_20013274, COOP_258650 <=> NCDC_20013455, COOP_257930
NCDC_20013555, WBAN_13748, COOP_319462 <=> NCDC_20013557, WMO_72302, COOP_319457, FAA_ILM, NWS_ILM
NCDC_20013598, FAA_NKT, ICAO_KNKT <=> NCDC_20013599, WBAN_13754
NCDC_20013710, WBAN_93726, FAA_ISO <=> NCDC_20013727
NCDC_20014330, WBAN_14916, COOP_323616 <=> NCDC_20014332, WBAN_14917, FAA_XGF, NWS_XGF
NCDC_20015146, COOP_336458 <=> NCDC_20015307, WBAN_13840, WMO_74570, COOP_339338
NCDC_20011107, WBAN_93868, COOP_220519, NCDC_20011117, COOP_220521, NWS_DAY, NWS_BSLM6, NCDC_20011118 <=> NCDC_20015333, WBAN_93815, COOP_338598, COOP_332075
NCDC_20016052, WMO_72695, FAA_85S <=> NCDC_20016288, COOP_356416
NCDC_20016666, WMO_72511, FAA_HAR, ICAO_KHAR <=> NCDC_20016690, WBAN_14751, COOP_363699
NCDC_20016716, WBAN_14767, FAA_RDG, NWS_RDG, COOP_367318 <=> NCDC_20016746, WBAN_14712
NCDC_20016989, WBAN_14754 <=> NCDC_20017251, COOP_366055, COOP_368893
NCDC_20009159, WMO_72505, FAA_45B <=> NCDC_20017279, WBAN_94775
NCDC_20018563, COOP_273660, NWS_GREN3 <=> NCDC_20018734, COOP_275196, NWS_MSNN3
NCDC_20019432, WBAN_94706, FAA_NYC, NWS_NYC, COOP_305816 <=> NCDC_20019453, WBAN_94728, COOP_305801
NCDC_20019676, COOP_307398 <=> NCDC_20019677, COOP_307397
NCDC_20020008, WBAN_4724, FAA_IAG, ICAO_KIAG <=> NCDC_20020009, WBAN_4728
NCDC_20019861, COOP_302526, NWS_EDMN6 <=> NCDC_20019879, COOP_302530
NCDC_20020267, WBAN_93041, FAA_LRU, ICAO_KLRU <=> NCDC_20020276, COOP_294799
NCDC_20021229, COOP_477132 <=> NCDC_20021323, WBAN_94970, FAA_RIE, NWS_RIE
NCDC_20022040, COOP_500280, WBAN_26451, FAA_ACG, NWS_ACG, FAA_ANC, NWS_ANC, WMO_70273, ICAO_PANC <=> NCDC_20022052
NCDC_20022161, WBAN_26621, COOP_506078, FAA_MOU, NWS_MOU, ICAO_KMOU <=> NCDC_20022162, WBAN_26635
NCDC_20022431, WBAN_26638, WMO_70121, FAA_PIZ, ICAO_PPIZ <=> NCDC_20022433, WBAN_26624, COOP_507442
NCDC_20021803, FAA_9Z1 <=> NCDC_20022495, COOP_504898
NCDC_20021907, WBAN_25613, FAA_PTU, NWS_PTU, COOP_507365 <=> NCDC_20022519, WBAN_25604
NCDC_20023011, WBAN_24045, COOP_481840, NWS_COPW4 <=> NCDC_20023015
NCDC_20023364, WBAN_22528, COOP_511008, FAA_HOG, NWS_HOG <=> NCDC_20023435, WMO_91196
NCDC_20024163, WBAN_12907, FAA_LRD <=> NCDC_20024168, WBAN_12920, COOP_415057
NCDC_20024232, WBAN_12933 <=> NCDC_20024263, COOP_410639
NCDC_20024377, WBAN_22004, FAA_DRT, NWS_DRT, COOP_412357, ICAO_KDRT <=> NCDC_20024395, WBAN_22010, COOP_412360
NCDC_20024650, WBAN_13904, WMO_74745, FAA_BSM, ICAO_KBSM, NWS_AUS, COOP_410429, FAA_AUS, ICAO_KAUS <=> NCDC_20024676, COOP_410428, WBAN_13958
NCDC_20024742, COOP_416734 <=> NCDC_20024794
NCDC_20024828, COOP_412811 <=> NCDC_20024842, WBAN_23089
NCDC_20025292, WBAN_23041, COOP_410786, FAA_BGS, NWS_BGS <=> NCDC_20025293, WBAN_23005, WMO_74731
NCDC_20025761, WBAN_13931, FAA_SPS <=> NCDC_20025762, WBAN_13966, COOP_419729, WMO_72351
NCDC_20026100, WBAN_3175, FAA_U17 <=> NCDC_20026101, COOP_421020
NCDC_20027617, WBAN_94216, FAA_TCM <=> NCDC_20027628, WBAN_24207
NCDC_20027760, WBAN_24281, COOP_457488 <=> NCDC_20027777
NCDC_20027927, COOP_456123, WBAN_94147 <=> NCDC_20027928, COOP_456121
NCDC_20027927, COOP_456123, WBAN_94147, NCDC_20027928, COOP_456121, WMO_72789, FAA_4OM, NWS_4OM <=> NCDC_20027938, WBAN_94197, FAA_OMK
NCDC_20027463, WBAN_24241, FAA_TDO, NWS_TDO, COOP_458500 <=> NCDC_20028066
NCDC_20029036, WBAN_12710, FAA_MYNN <=> NCDC_20029042, WBAN_12717
NCDC_20030311, COOP_914751, WBAN_40504, FAA_PNI, NWS_PNI, ICAO_PTPN <=> NCDC_20030403, FAA_PTPN
NCDC_20000414, COOP_34900, NWS_MONA4 <=> NCDC_30000598, WBAN_53919, FAA_LLQ, ICAO_KLLQ
NCDC_20016901, COOP_367931, NWS_SLGP1, NCDC_30000755 <=> NCDC_20016914, WBAN_14770, COOP_368673
NCDC_20024195, COOP_412011, WBAN_12940 <=> NCDC_20025955, COOP_412016, NWS_CRPT2
NCDC_20001766, WBAN_93121 <=> NCDC_20001799, FAA_NXP, ICAO_KNXP
NCDC_20021749, WBAN_25715, COOP_500433 <=> NCDC_20021750, WBAN_25708, FAA_AKA, ICAO_PAAK
NCDC_20022448, WBAN_27405 <=> NCDC_20022522, COOP_507780, FAA_PUO, NWS_PUO, ICAO_PAUD
NCDC_20022185, WBAN_26519, COOP_502988, WMO_70248, FAA_FWL, NWS_FWL, ICAO_PAFW, NCDC_30009425 <=> NCDC_30002716, WBAN_26555, FAA_FKK, ICAO_PAFK
NCDC_20021959, WBAN_26445, WMO_70298, FAA_CYT, NWS_CYT, ICAO_PACY, COOP_509930, NCDC_20021963, COOP_501348, NCDC_30009432 <=> USAF_702325, ICAO_PAWS
NCDC_20021817, WBAN_25348, FAA_POX, NWS_POX, COOP_507557, FAA_Z76, NWS_Z76, NWS_AHP <=> NCDC_20021819, WBAN_25375, FAA_AHP, ICAO_PAAP
NCDC_20021772, WBAN_25611, COOP_509575, WBAN_25614, COOP_502587, WBAN_25620, FAA_DUT, NWS_DUT, ICAO_PADU <=> NCDC_20021773, WBAN_25616
NCDC_30001369, WBAN_25275, FAA_379, WMO_71687 <=> USAF_710324, ICAO_CWAE
NCDC_20028410, WBAN_15517, FAA_YFT <=> USAF_710349, ICAO_CYFT
NCDC_20028205, WBAN_25252, FAA_YPZ, ICAO_CYPZ, NCDC_20028281, WBAN_25272, WMO_71952, USAF_719524 <=> USAF_719520, ICAO_CWPZ
NCDC_20017346, WBAN_13758 <=> NCDC_30001819, WBAN_53845, ICAO_KCLX
NCDC_20004720, WBAN_13835, FAA_MUL <=> NCDC_30002203, WBAN_63852, FAA_HAS, ICAO_KHSA
NCDC_20004751, WBAN_13815, FAA_NAB <=> NCDC_30002202, WBAN_63808, FAA_OLV, ICAO_KOLV
NCDC_20008717, WBAN_53915, FAA_1R3, FAA_ARA, ICAO_KARA <=> NCDC_20008770, WBAN_3934, FAA_NIL
NCDC_20011286, FAA_NMM, ICAO_KNMM <=> NCDC_20011350, WBAN_3866
NCDC_20020303, WBAN_93034, COOP_294028, FAA_HOB, NWS_HOB, ICAO_KHOB <=> NCDC_20020311, WBAN_23094
NCDC_20001681, WBAN_93180 <=> NCDC_20001682, WBAN_3102, COOP_46457, FAA_ONT, ICAO_KONT
NCDC_10008104, COOP_299897, WBAN_93044, FAA_ZUN, NWS_ZUN, NCDC_10100285, NWS_ZUNN5, NCDC_10500083 <=> NCDC_30002694, WBAN_3737, FAA_ONX, ICAO_KONX
NCDC_30002738, WBAN_54828, FAA_CFS, ICAO_KCFS, USAF_722007, USAF_723758 <=> NCDC_30003161, WBAN_54928
NCDC_20018834, WBAN_4739 <=> NCDC_20018836, WBAN_4783, FAA_BLM, NCDC_20018972, WBAN_54760, ICAO_KBLM
NCDC_20011752, COOP_232981, FAA_TBN, NWS_TBN, ICAO_KTBN <=> NCDC_20011753, WBAN_3938
NCDC_20002236, WBAN_23259, FAA_MRY, COOP_45799, COOP_45796, ICAO_KMRY <=> NCDC_20002237, WBAN_23245, WMO_72491, FAA_NSU, NCDC_30009678
NCDC_20002866, WMO_72584, FAA_Q67, NCDC_20002890, FAA_TRK, ICAO_KTRK <=> NCDC_20002910, WBAN_93201, FAA_4TA
NCDC_20010282, FAA_MBL, ICAO_KMBL <=> NCDC_20010287, WBAN_94894
NCDC_20010370, WBAN_94896, FAA_MNM, ICAO_KMNM <=> NCDC_30001899, WBAN_94986, ICAO_KMVX, USAF_725062
NCDC_20019015, WBAN_23141, WMO_74614, FAA_INS, NWS_INS, COOP_263980, ICAO_KINS, USAF_746140 <=> WBAN_53147
NCDC_20001657, WBAN_3165 <=> NCDC_20001689, WMO_74704, FAA_EMT, ICAO_KEMT
NCDC_20030326, COOP_914375, WBAN_40604, NWS_KWAP2 <=> NCDC_20030410, FAA_KWA, ICAO_PKWA, WMO_91366
NCDC_20030312, COOP_914460, WBAN_40710, FAA_PKMJ, NWS_PKMJ, ICAO_PKMJ, FAA_MAJ, NWS_MAJ, NCDC_20030419 <=> USAF_913691, ICAO_PKMR
NCDC_20030315, COOP_914351, WBAN_40309, FAA_PTRO, NWS_PTRO, ICAO_PTRO, FAA_PTKR, NWS_ROR, NCDC_20030400, WMO_91408, NCDC_30003074, WBAN_40310, FAA_ROR <=> USAF_702759, ICAO_PTKR
NCDC_20030328, COOP_914951, WBAN_40308, NWS_PTYA2 <=> NCDC_20030399, FAA_PTYA, ICAO_PTYA, WMO_91413
